[2024-04-25T13:06:01.562+0000] {local_task_job_runner.py:120} INFO - ::group::Pre task execution logs
[2024-04-25T13:06:01.588+0000] {taskinstance.py:2073} INFO - Dependencies all met for dep_context=non-requeueable deps ti=<TaskInstance: test_dag.taldau scheduled__2024-04-25T13:05:00+00:00 [queued]>
[2024-04-25T13:06:01.599+0000] {taskinstance.py:2073} INFO - Dependencies all met for dep_context=requeueable deps ti=<TaskInstance: test_dag.taldau scheduled__2024-04-25T13:05:00+00:00 [queued]>
[2024-04-25T13:06:01.600+0000] {taskinstance.py:2303} INFO - Starting attempt 1 of 1
[2024-04-25T13:06:01.623+0000] {taskinstance.py:2327} INFO - Executing <Task(SimpleHttpOperator): taldau> on 2024-04-25 13:05:00+00:00
[2024-04-25T13:06:01.632+0000] {standard_task_runner.py:90} INFO - Running: ['***', 'tasks', 'run', 'test_dag', 'taldau', 'scheduled__2024-04-25T13:05:00+00:00', '--job-id', '12', '--raw', '--subdir', 'DAGS_FOLDER/test.py', '--cfg-path', '/tmp/tmp1kqjp6l4']
[2024-04-25T13:06:01.636+0000] {standard_task_runner.py:91} INFO - Job 12: Subtask taldau
[2024-04-25T13:06:01.641+0000] {logging_mixin.py:188} WARNING - /home/***/.local/lib/python3.12/site-packages/***/task/task_runner/standard_task_runner.py:61 DeprecationWarning: This process (pid=3558) is multi-threaded, use of fork() may lead to deadlocks in the child.
[2024-04-25T13:06:01.642+0000] {standard_task_runner.py:63} INFO - Started process 3559 to run task
[2024-04-25T13:06:01.701+0000] {task_command.py:426} INFO - Running <TaskInstance: test_dag.taldau scheduled__2024-04-25T13:05:00+00:00 [running]> on host f9a12f9b65d4
[2024-04-25T13:06:01.860+0000] {taskinstance.py:2644} INFO - Exporting env vars: AIRFLOW_CTX_DAG_OWNER='***' AIRFLOW_CTX_DAG_ID='test_dag' AIRFLOW_CTX_TASK_ID='taldau' AIRFLOW_CTX_EXECUTION_DATE='2024-04-25T13:05:00+00:00' AIRFLOW_CTX_TRY_NUMBER='1' AIRFLOW_CTX_DAG_RUN_ID='scheduled__2024-04-25T13:05:00+00:00'
[2024-04-25T13:06:01.861+0000] {taskinstance.py:430} INFO - ::endgroup::
[2024-04-25T13:06:01.880+0000] {http.py:169} INFO - Calling HTTP method
[2024-04-25T13:06:01.891+0000] {taskinstance.py:441} INFO - ::group::Post task execution logs
[2024-04-25T13:06:01.905+0000] {taskinstance.py:2890} ERROR - Task failed with exception
Traceback (most recent call last):
  File "/home/airflow/.local/lib/python3.12/site-packages/airflow/models/taskinstance.py", line 465, in _execute_task
    result = _execute_callable(context=context, **execute_callable_kwargs)
             ^^^^^^^^^^^^^^^^^^^^^^^^^^^^^^^^^^^^^^^^^^^^^^^^^^^^^^^^^^^^^
  File "/home/airflow/.local/lib/python3.12/site-packages/airflow/models/taskinstance.py", line 432, in _execute_callable
    return execute_callable(context=context, **execute_callable_kwargs)
           ^^^^^^^^^^^^^^^^^^^^^^^^^^^^^^^^^^^^^^^^^^^^^^^^^^^^^^^^^^^^
  File "/home/airflow/.local/lib/python3.12/site-packages/airflow/models/baseoperator.py", line 400, in wrapper
    return func(self, *args, **kwargs)
           ^^^^^^^^^^^^^^^^^^^^^^^^^^^
  File "/home/airflow/.local/lib/python3.12/site-packages/airflow/providers/http/operators/http.py", line 166, in execute
    return self.execute_sync(context=context)
           ^^^^^^^^^^^^^^^^^^^^^^^^^^^^^^^^^^
  File "/home/airflow/.local/lib/python3.12/site-packages/airflow/providers/http/operators/http.py", line 170, in execute_sync
    response = self.hook.run(self.endpoint, self.data, self.headers, self.extra_options)
               ^^^^^^^^^
  File "/home/airflow/.local/lib/python3.12/site-packages/airflow/providers/http/operators/http.py", line 148, in hook
    conn = BaseHook.get_connection(conn_id)
           ^^^^^^^^^^^^^^^^^^^^^^^^^^^^^^^^
  File "/home/airflow/.local/lib/python3.12/site-packages/airflow/hooks/base.py", line 83, in get_connection
    conn = Connection.get_connection_from_secrets(conn_id)
           ^^^^^^^^^^^^^^^^^^^^^^^^^^^^^^^^^^^^^^^^^^^^^^^
  File "/home/airflow/.local/lib/python3.12/site-packages/airflow/models/connection.py", line 519, in get_connection_from_secrets
    raise AirflowNotFoundException(f"The conn_id `{conn_id}` isn't defined")
airflow.exceptions.AirflowNotFoundException: The conn_id `post_period` isn't defined
[2024-04-25T13:06:01.912+0000] {taskinstance.py:1205} INFO - Marking task as FAILED. dag_id=test_dag, task_id=taldau, execution_date=20240425T130500, start_date=20240425T130601, end_date=20240425T130601
[2024-04-25T13:06:01.930+0000] {standard_task_runner.py:110} ERROR - Failed to execute job 12 for task taldau (The conn_id `post_period` isn't defined; 3559)
[2024-04-25T13:06:01.978+0000] {local_task_job_runner.py:240} INFO - Task exited with return code 1
[2024-04-25T13:06:02.002+0000] {taskinstance.py:3482} INFO - 0 downstream tasks scheduled from follow-on schedule check
[2024-04-25T13:06:02.008+0000] {local_task_job_runner.py:222} INFO - ::endgroup::
